<?xml version="1.0" encoding="UTF-8"?>
<testsuite xmlns:xsi="http://www.w3.org/2001/XMLSchema-instance" xsi:noNamespaceSchemaLocation="https://maven.apache.org/surefire/maven-surefire-plugin/xsd/surefire-test-report-3.0.xsd" version="3.0" name="com.desktopapp.PasswordValidatorTests" time="0.049" tests="4" errors="0" skipped="0" failures="0">
  <properties>
    <property name="sun.desktop" value="windows"/>
    <property name="awt.toolkit" value="sun.awt.windows.WToolkit"/>
    <property name="file.encoding.pkg" value="sun.io"/>
    <property name="java.specification.version" value="1.8"/>
    <property name="sun.cpu.isalist" value="amd64"/>
    <property name="sun.jnu.encoding" value="Cp1252"/>
    <property name="java.class.path" value="C:\Users\disrct\Desktop\helean\JavaAvancado\target\test-classes;C:\Users\disrct\Desktop\helean\JavaAvancado\target\classes;C:\Users\disrct\.m2\repository\org\junit\jupiter\junit-jupiter\5.11.2\junit-jupiter-5.11.2.jar;C:\Users\disrct\.m2\repository\org\junit\jupiter\junit-jupiter-api\5.11.2\junit-jupiter-api-5.11.2.jar;C:\Users\disrct\.m2\repository\org\opentest4j\opentest4j\1.3.0\opentest4j-1.3.0.jar;C:\Users\disrct\.m2\repository\org\junit\platform\junit-platform-commons\1.11.2\junit-platform-commons-1.11.2.jar;C:\Users\disrct\.m2\repository\org\apiguardian\apiguardian-api\1.1.2\apiguardian-api-1.1.2.jar;C:\Users\disrct\.m2\repository\org\junit\jupiter\junit-jupiter-params\5.11.2\junit-jupiter-params-5.11.2.jar;C:\Users\disrct\.m2\repository\org\junit\jupiter\junit-jupiter-engine\5.11.2\junit-jupiter-engine-5.11.2.jar;C:\Users\disrct\.m2\repository\org\junit\platform\junit-platform-engine\1.11.2\junit-platform-engine-1.11.2.jar;"/>
    <property name="java.vm.vendor" value="Red Hat, Inc."/>
    <property name="sun.arch.data.model" value="64"/>
    <property name="user.variant" value=""/>
    <property name="java.vendor.url" value="https://access.redhat.com/"/>
    <property name="user.timezone" value="America/Sao_Paulo"/>
    <property name="java.vm.specification.version" value="1.8"/>
    <property name="os.name" value="Windows 11"/>
    <property name="user.country" value="BR"/>
    <property name="sun.java.launcher" value="SUN_STANDARD"/>
    <property name="sun.boot.library.path" value="C:\Program Files\RedHat\java-1.8.0-openjdk\jre\bin"/>
    <property name="sun.java.command" value="C:\Users\disrct\AppData\Local\Temp\surefire5637393583342298863\surefirebooter-20241018113801567_3.jar C:\Users\disrct\AppData\Local\Temp\surefire5637393583342298863 2024-10-18T11-38-01_216-jvmRun1 surefire-20241018113801567_1tmp surefire_0-20241018113801567_2tmp"/>
    <property name="surefire.test.class.path" value="C:\Users\disrct\Desktop\helean\JavaAvancado\target\test-classes;C:\Users\disrct\Desktop\helean\JavaAvancado\target\classes;C:\Users\disrct\.m2\repository\org\junit\jupiter\junit-jupiter\5.11.2\junit-jupiter-5.11.2.jar;C:\Users\disrct\.m2\repository\org\junit\jupiter\junit-jupiter-api\5.11.2\junit-jupiter-api-5.11.2.jar;C:\Users\disrct\.m2\repository\org\opentest4j\opentest4j\1.3.0\opentest4j-1.3.0.jar;C:\Users\disrct\.m2\repository\org\junit\platform\junit-platform-commons\1.11.2\junit-platform-commons-1.11.2.jar;C:\Users\disrct\.m2\repository\org\apiguardian\apiguardian-api\1.1.2\apiguardian-api-1.1.2.jar;C:\Users\disrct\.m2\repository\org\junit\jupiter\junit-jupiter-params\5.11.2\junit-jupiter-params-5.11.2.jar;C:\Users\disrct\.m2\repository\org\junit\jupiter\junit-jupiter-engine\5.11.2\junit-jupiter-engine-5.11.2.jar;C:\Users\disrct\.m2\repository\org\junit\platform\junit-platform-engine\1.11.2\junit-platform-engine-1.11.2.jar;"/>
    <property name="sun.cpu.endian" value="little"/>
    <property name="user.home" value="C:\Users\disrct"/>
    <property name="user.language" value="pt"/>
    <property name="java.specification.vendor" value="Oracle Corporation"/>
    <property name="java.home" value="C:\Program Files\RedHat\java-1.8.0-openjdk\jre"/>
    <property name="basedir" value="C:\Users\disrct\Desktop\helean\JavaAvancado"/>
    <property name="file.separator" value="\"/>
    <property name="line.separator" value="&#10;"/>
    <property name="java.vm.specification.vendor" value="Oracle Corporation"/>
    <property name="java.specification.name" value="Java Platform API Specification"/>
    <property name="java.awt.graphicsenv" value="sun.awt.Win32GraphicsEnvironment"/>
    <property name="surefire.real.class.path" value="C:\Users\disrct\AppData\Local\Temp\surefire5637393583342298863\surefirebooter-20241018113801567_3.jar"/>
    <property name="sun.boot.class.path" value="C:\Program Files\RedHat\java-1.8.0-openjdk\jre\lib\resources.jar;C:\Program Files\RedHat\java-1.8.0-openjdk\jre\lib\rt.jar;C:\Program Files\RedHat\java-1.8.0-openjdk\jre\lib\sunrsasign.jar;C:\Program Files\RedHat\java-1.8.0-openjdk\jre\lib\jsse.jar;C:\Program Files\RedHat\java-1.8.0-openjdk\jre\lib\jce.jar;C:\Program Files\RedHat\java-1.8.0-openjdk\jre\lib\charsets.jar;C:\Program Files\RedHat\java-1.8.0-openjdk\jre\lib\jfr.jar;C:\Program Files\RedHat\java-1.8.0-openjdk\jre\classes"/>
    <property name="user.script" value=""/>
    <property name="sun.management.compiler" value="HotSpot 64-Bit Tiered Compilers"/>
    <property name="java.runtime.version" value="1.8.0_422-b05"/>
    <property name="user.name" value="disrct"/>
    <property name="path.separator" value=";"/>
    <property name="os.version" value="10.0"/>
    <property name="java.endorsed.dirs" value="C:\Program Files\RedHat\java-1.8.0-openjdk\jre\lib\endorsed"/>
    <property name="java.runtime.name" value="OpenJDK Runtime Environment"/>
    <property name="file.encoding" value="Cp1252"/>
    <property name="java.vm.name" value="OpenJDK 64-Bit Server VM"/>
    <property name="localRepository" value="C:\Users\disrct\.m2\repository"/>
    <property name="java.vendor.url.bug" value="https://bugzilla.redhat.com/enter_bug.cgi"/>
    <property name="java.io.tmpdir" value="C:\Users\disrct\AppData\Local\Temp\"/>
    <property name="java.version" value="1.8.0_422"/>
    <property name="user.dir" value="C:\Users\disrct\Desktop\helean\JavaAvancado"/>
    <property name="os.arch" value="amd64"/>
    <property name="java.vm.specification.name" value="Java Virtual Machine Specification"/>
    <property name="java.awt.printerjob" value="sun.awt.windows.WPrinterJob"/>
    <property name="sun.os.patch.level" value=""/>
    <property name="java.library.path" value="C:\Program Files\RedHat\java-1.8.0-openjdk\jre\bin;C:\WINDOWS\Sun\Java\bin;C:\WINDOWS\system32;C:\WINDOWS;C:\Program Files\Common Files\Oracle\Java\javapath;C:\WINDOWS\system32;C:\WINDOWS;C:\WINDOWS\System32\Wbem;C:\WINDOWS\System32\WindowsPowerShell\v1.0\;C:\WINDOWS\System32\OpenSSH\;C:\Program Files\RedHat\java-1.8.0-openjdk\missioncontrol\;C:\Program Files\RedHat\java-1.8.0-openjdk\webstart\;C:\Program Files\RedHat\java-1.8.0-openjdk\bin;C:\Program Files\RedHat\java-1.8.0-openjdk\jre\bin;C:\Program Files (x86)\RedHat\java-1.8.0-openjdk\webstart\;C:\Program Files (x86)\RedHat\java-1.8.0-openjdk\bin;C:\Program Files (x86)\RedHat\java-1.8.0-openjdk\jre\bin;C:\Program Files\dotnet\;C:\Program Files\7-Zip;C:\Program Files\Siemens\Teamcenter14.2\Visualization\Products\Mockup\ClearanceDB;C:\Program Files\nodejs\;C:\Program Files (x86)\Microsoft SQL Server\160\DTS\Binn\;C:\Program Files\Azure Data Studio\bin;C:\Program Files\Anaconda3\condabin;C:\Program Files (x86)\Microsoft SQL Server\150\Tools\Binn\;C:\Program Files\Microsoft SQL Server\150\Tools\Binn\;C:\Program Files (x86)\Microsoft SQL Server\150\DTS\Binn\;C:\Program Files\Microsoft SQL Server\150\DTS\Binn\;C:\Program Files\Microsoft SQL Server\Client SDK\ODBC\170\Tools\Binn\;C:\Users\disrct\AppData\Local\Programs\Git\bin;C:\Users\disrct\Desktop\apache-maven-3.9.6\bin;C:\Users\disrct\Desktop\apache-maven-3.9.6\lib;C:\Program Files\PostgreSQL\16\bin;C:\Users\disrct\AppData\Local\Programs\Python\Python312\Scripts\;C:\Users\disrct\AppData\Local\Programs\Python\Python312\;C:\Users\disrct\AppData\Local\Microsoft\WindowsApps;C:\Users\disrct\AppData\Roaming\npm;C:\Users\disrct\AppData\Local\Programs\Microsoft VS Code\bin;C:\Users\disrct\.dotnet\tools;C:\Users\disrct\AppData\Local\Programs\Git\cmd;C:\Users\disrct\AppData\Local\Programs\Git\mingw64\bin;C:\Users\disrct\AppData\Local\Programs\Git\usr\bin;."/>
    <property name="java.vm.info" value="mixed mode"/>
    <property name="java.vendor" value="Red Hat, Inc."/>
    <property name="java.vm.version" value="25.422-b05"/>
    <property name="java.specification.maintenance.version" value="5"/>
    <property name="java.ext.dirs" value="C:\Program Files\RedHat\java-1.8.0-openjdk\jre\lib\ext;C:\WINDOWS\Sun\Java\lib\ext"/>
    <property name="sun.io.unicode.encoding" value="UnicodeLittle"/>
    <property name="java.class.version" value="52.0"/>
  </properties>
  <testcase name="validateMediumPassowrdsWithoutNums" classname="com.desktopapp.PasswordValidatorTests" time="0.026"/>
  <testcase name="validateBigPasswords" classname="com.desktopapp.PasswordValidatorTests" time="0.0"/>
  <testcase name="validateSmallPass" classname="com.desktopapp.PasswordValidatorTests" time="0.0"/>
  <testcase name="validateMediumPasswordsWithNums" classname="com.desktopapp.PasswordValidatorTests" time="0.001"/>
</testsuite>